Build started 11/7/2014 6:34:47 PM.
     1>Project "C:\Users\Guilherme Simas\Documents\GitHub\Rodo\trab2\software2\software2\software2.vcxproj" on node 2 (build target(s)).
     1>InitializeBuildStatus:
         Creating "Debug\software2.unsuccessfulbuild" because "AlwaysCreate" was specified.
       ClCompile:
         All outputs are up-to-date.
       ManifestResourceCompile:
         All outputs are up-to-date.
       Link:
         C:\Program Files (x86)\Microsoft Visual Studio 10.0\VC\bin\link.exe /ERRORREPORT:PROMPT /OUT:"C:\Users\Guilherme Simas\Documents\GitHub\Rodo\trab2\software2\Debug\software2.exe" /INCREMENTAL /NOLOGO kernel32.lib user32.lib gdi32.lib winspool.lib comdlg32.lib advapi32.lib shell32.lib ole32.lib oleaut32.lib uuid.lib odbc32.lib odbccp32.lib /MANIFEST /ManifestFile:"Debug\software2.exe.intermediate.manifest" /MANIFESTUAC:"level='asInvoker' uiAccess='false'" /DEBUG /PDB:"C:\Users\Guilherme Simas\Documents\GitHub\Rodo\trab2\software2\Debug\software2.pdb" /SUBSYSTEM:CONSOLE /TLBID:1 /DYNAMICBASE /NXCOMPAT /IMPLIB:"C:\Users\Guilherme Simas\Documents\GitHub\Rodo\trab2\software2\Debug\software2.lib" /MACHINE:X86 Debug\software2.exe.embed.manifest.res
         Debug\getcod.obj
       Manifest:
         C:\Program Files (x86)\Microsoft SDKs\Windows\v7.0A\bin\mt.exe /nologo /verbose /out:"Debug\software2.exe.embed.manifest" /manifest Debug\software2.exe.intermediate.manifest
         All outputs are up-to-date.
       LinkEmbedManifest:
         All outputs are up-to-date.
         software2.vcxproj -> C:\Users\Guilherme Simas\Documents\GitHub\Rodo\trab2\software2\Debug\software2.exe
       FinalizeBuildStatus:
         Deleting file "Debug\software2.unsuccessfulbuild".
         Touching "Debug\software2.lastbuildstate".
     1>Done Building Project "C:\Users\Guilherme Simas\Documents\GitHub\Rodo\trab2\software2\software2\software2.vcxproj" (build target(s)).

Build succeeded.

Time Elapsed 00:00:00.71
